# JRE version: OpenJDK Runtime Environment Temurin-17.0.9+9 (17.0.9+9) (build 17.0.9+9)
# Java VM: OpenJDK 64-Bit Server VM Temurin-17.0.9+9 (17.0.9+9, mixed mode, tiered, compressed oops, compressed class ptrs, g1 gc, windows-amd64)
GC Precious Log:
 CPUs: 4 total, 4 available
 Memory: 6069M
 Large Page Support: Disabled
 NUMA Support: Disabled
 Compressed Oops: Enabled (32-bit)
 Heap Region Size: 1M
 Heap Min Capacity: 8M
 Heap Initial Capacity: 96M
 Heap Max Capacity: 1518M
 Pre-touch: Disabled
 Parallel Workers: 4
 Concurrent Workers: 1
 Concurrent Refinement Workers: 4
 Periodic GC: Disabled
Heap:
 garbage-first heap   total 41984K, used 19824K [0x00000000a1200000, 0x0000000100000000)
  region size 1024K, 5 young (5120K), 2 survivors (2048K)
 Metaspace       used 43030K, committed 43520K, reserved 1114112K
  class space    used 5058K, committed 5312K, reserved 1048576K
GC Heap History (20 events):
Event: 4.727 GC heap before
{Heap before GC invocations=14 (full 0):
 garbage-first heap   total 33792K, used 24817K [0x00000000a1200000, 0x0000000100000000)
  region size 1024K, 13 young (13312K), 2 survivors (2048K)
 Metaspace       used 37474K, committed 37888K, reserved 1114112K
  class space    used 4396K, committed 4608K, reserved 1048576K
}
Event: 4.733 GC heap after
{Heap after GC invocations=15 (full 0):
 garbage-first heap   total 33792K, used 14713K [0x00000000a1200000, 0x0000000100000000)
  region size 1024K, 2 young (2048K), 2 survivors (2048K)
 Metaspace       used 37474K, committed 37888K, reserved 1114112K
  class space    used 4396K, committed 4608K, reserved 1048576K
}
Event: 77.348 GC heap before
{Heap before GC invocations=15 (full 0):
 garbage-first heap   total 33792K, used 23929K [0x00000000a1200000, 0x0000000100000000)
  region size 1024K, 12 young (12288K), 2 survivors (2048K)
 Metaspace       used 40123K, committed 40640K, reserved 1114112K
  class space    used 4745K, committed 4992K, reserved 1048576K
}
Event: 77.352 GC heap after
{Heap after GC invocations=16 (full 0):
 garbage-first heap   total 33792K, used 15664K [0x00000000a1200000, 0x0000000100000000)
  region size 1024K, 1 young (1024K), 1 survivors (1024K)
 Metaspace       used 40123K, committed 40640K, reserved 1114112K
  class space    used 4745K, committed 4992K, reserved 1048576K
}
Event: 77.885 GC heap before
{Heap before GC invocations=16 (full 0):
 garbage-first heap   total 33792K, used 23856K [0x00000000a1200000, 0x0000000100000000)
  region size 1024K, 10 young (10240K), 1 survivors (1024K)
 Metaspace       used 42153K, committed 42624K, reserved 1114112K
  class space    used 5008K, committed 5248K, reserved 1048576K
}
Event: 77.890 GC heap after
{Heap after GC invocations=17 (full 0):
 garbage-first heap   total 33792K, used 17479K [0x00000000a1200000, 0x0000000100000000)
  region size 1024K, 2 young (2048K), 2 survivors (2048K)
 Metaspace       used 42153K, committed 42624K, reserved 1114112K
  class space    used 5008K, committed 5248K, reserved 1048576K
}
Event: 569.493 GC heap before
{Heap before GC invocations=18 (full 0):
 garbage-first heap   total 33792K, used 24647K [0x00000000a1200000, 0x0000000100000000)
  region size 1024K, 9 young (9216K), 2 survivors (2048K)
 Metaspace       used 42368K, committed 42816K, reserved 1114112K
  class space    used 5021K, committed 5248K, reserved 1048576K
}
Event: 569.496 GC heap after
{Heap after GC invocations=19 (full 0):
 garbage-first heap   total 33792K, used 17752K [0x00000000a1200000, 0x0000000100000000)
  region size 1024K, 1 young (1024K), 1 survivors (1024K)
 Metaspace       used 42368K, committed 42816K, reserved 1114112K
  class space    used 5021K, committed 5248K, reserved 1048576K
}
Event: 1177.172 GC heap before
{Heap before GC invocations=19 (full 0):
 garbage-first heap   total 33792K, used 25944K [0x00000000a1200000, 0x0000000100000000)
  region size 1024K, 9 young (9216K), 1 survivors (1024K)
 Metaspace       used 42393K, committed 42880K, reserved 1114112K
  class space    used 5021K, committed 5248K, reserved 1048576K
}
Event: 1177.174 GC heap after
{Heap after GC invocations=20 (full 0):
 garbage-first heap   total 33792K, used 17496K [0x00000000a1200000, 0x0000000100000000)
  region size 1024K, 1 young (1024K), 1 survivors (1024K)
 Metaspace       used 42393K, committed 42880K, reserved 1114112K
  class space    used 5021K, committed 5248K, reserved 1048576K
}
Event: 1313.662 GC heap before
{Heap before GC invocations=21 (full 0):
 garbage-first heap   total 33792K, used 20568K [0x00000000a1200000, 0x0000000100000000)
  region size 1024K, 5 young (5120K), 1 survivors (1024K)
 Metaspace       used 42578K, committed 43008K, reserved 1114112K
  class space    used 5051K, committed 5248K, reserved 1048576K
}
Event: 1313.745 GC heap after
{Heap after GC invocations=22 (full 1):
 garbage-first heap   total 33792K, used 14979K [0x00000000a1200000, 0x0000000100000000)
  region size 1024K, 0 young (0K), 0 survivors (0K)
 Metaspace       used 42578K, committed 43008K, reserved 1114112K
  class space    used 5051K, committed 5248K, reserved 1048576K
}
Event: 1317.861 GC heap before
{Heap before GC invocations=22 (full 1):
 garbage-first heap   total 33792K, used 24195K [0x00000000a1200000, 0x0000000100000000)
  region size 1024K, 10 young (10240K), 0 survivors (0K)
 Metaspace       used 42677K, committed 43200K, reserved 1114112K
  class space    used 5053K, committed 5312K, reserved 1048576K
}
Event: 1317.946 GC heap after
{Heap after GC invocations=23 (full 1):
 garbage-first heap   total 33792K, used 16397K [0x00000000a1200000, 0x0000000100000000)
  region size 1024K, 2 young (2048K), 2 survivors (2048K)
 Metaspace       used 42677K, committed 43200K, reserved 1114112K
  class space    used 5053K, committed 5312K, reserved 1048576K
}
Event: 1321.363 GC heap before
{Heap before GC invocations=24 (full 1):
 garbage-first heap   total 34816K, used 24589K [0x00000000a1200000, 0x0000000100000000)
  region size 1024K, 10 young (10240K), 2 survivors (2048K)
 Metaspace       used 42733K, committed 43264K, reserved 1114112K
  class space    used 5055K, committed 5312K, reserved 1048576K
}
Event: 1321.376 GC heap after
{Heap after GC invocations=25 (full 1):
 garbage-first heap   total 34816K, used 16713K [0x00000000a1200000, 0x0000000100000000)
  region size 1024K, 1 young (1024K), 1 survivors (1024K)
 Metaspace       used 42733K, committed 43264K, reserved 1114112K
  class space    used 5055K, committed 5312K, reserved 1048576K
}
Event: 1326.731 GC heap before
{Heap before GC invocations=25 (full 1):
 garbage-first heap   total 34816K, used 24905K [0x00000000a1200000, 0x0000000100000000)
  region size 1024K, 10 young (10240K), 1 survivors (1024K)
 Metaspace       used 42880K, committed 43392K, reserved 1114112K
  class space    used 5057K, committed 5312K, reserved 1048576K
}
Event: 1326.794 GC heap after
{Heap after GC invocations=26 (full 2):
 garbage-first heap   total 34816K, used 16255K [0x00000000a1200000, 0x0000000100000000)
  region size 1024K, 0 young (0K), 0 survivors (0K)
 Metaspace       used 42880K, committed 43392K, reserved 1114112K
  class space    used 5057K, committed 5312K, reserved 1048576K
}
Event: 1327.530 GC heap before
{Heap before GC invocations=26 (full 2):
 garbage-first heap   total 34816K, used 26495K [0x00000000a1200000, 0x0000000100000000)
  region size 1024K, 10 young (10240K), 0 survivors (0K)
 Metaspace       used 43009K, committed 43520K, reserved 1114112K
  class space    used 5058K, committed 5312K, reserved 1048576K
}
Event: 1327.532 GC heap after
{Heap after GC invocations=27 (full 2):
 garbage-first heap   total 41984K, used 17776K [0x00000000a1200000, 0x0000000100000000)
  region size 1024K, 2 young (2048K), 2 survivors (2048K)
 Metaspace       used 43009K, committed 43520K, reserved 1114112K
  class space    used 5058K, committed 5312K, reserved 1048576K
}

